1678953652.867013 client started (16693): version 3.0a, socket /tmp//tmux-1014/default, protocol 8
1678953652.867059 on Linux 5.15.0-58-generic #64-Ubuntu SMP Thu Jan 5 11:43:13 UTC 2023; libevent 2.1.11-stable (poll)
1678953652.867082 socket is /tmp//tmux-1014/default
1678953652.867099 trying connect
1678953652.867171 add peer 0x55c420fb1200: 6 ((nil))
1678953652.867282 sending message 100 to peer 0x55c420fb1200 (4 bytes)
1678953652.867295 sending message 101 to peer 0x55c420fb1200 (15 bytes)
1678953652.867302 sending message 102 to peer 0x55c420fb1200 (11 bytes)
1678953652.867309 sending message 108 to peer 0x55c420fb1200 (59 bytes)
1678953652.867317 sending message 104 to peer 0x55c420fb1200 (0 bytes)
1678953652.867324 sending message 107 to peer 0x55c420fb1200 (4 bytes)
1678953652.867333 sending message 105 to peer 0x55c420fb1200 (16 bytes)
1678953652.867340 sending message 105 to peer 0x55c420fb1200 (32 bytes)
1678953652.867347 sending message 105 to peer 0x55c420fb1200 (34 bytes)
1678953652.867354 sending message 105 to peer 0x55c420fb1200 (27 bytes)
1678953652.867361 sending message 105 to peer 0x55c420fb1200 (30 bytes)
1678953652.867382 sending message 105 to peer 0x55c420fb1200 (8 bytes)
1678953652.867393 sending message 105 to peer 0x55c420fb1200 (52 bytes)
1678953652.867400 sending message 105 to peer 0x55c420fb1200 (36 bytes)
1678953652.867407 sending message 105 to peer 0x55c420fb1200 (7 bytes)
1678953652.867414 sending message 105 to peer 0x55c420fb1200 (39 bytes)
1678953652.867420 sending message 105 to peer 0x55c420fb1200 (36 bytes)
1678953652.867427 sending message 105 to peer 0x55c420fb1200 (22 bytes)
1678953652.867434 sending message 105 to peer 0x55c420fb1200 (18 bytes)
1678953652.867440 sending message 105 to peer 0x55c420fb1200 (20 bytes)
1678953652.867447 sending message 105 to peer 0x55c420fb1200 (101 bytes)
1678953652.867453 sending message 105 to peer 0x55c420fb1200 (57 bytes)
1678953652.867460 sending message 105 to peer 0x55c420fb1200 (26 bytes)
1678953652.867466 sending message 105 to peer 0x55c420fb1200 (12 bytes)
1678953652.867473 sending message 105 to peer 0x55c420fb1200 (52 bytes)
1678953652.867482 sending message 105 to peer 0x55c420fb1200 (37 bytes)
1678953652.867489 sending message 105 to peer 0x55c420fb1200 (35 bytes)
1678953652.867495 sending message 105 to peer 0x55c420fb1200 (31 bytes)
1678953652.867501 sending message 105 to peer 0x55c420fb1200 (21 bytes)
1678953652.867512 sending message 105 to peer 0x55c420fb1200 (63 bytes)
1678953652.867518 sending message 105 to peer 0x55c420fb1200 (14 bytes)
1678953652.867525 sending message 105 to peer 0x55c420fb1200 (29 bytes)
1678953652.867532 sending message 105 to peer 0x55c420fb1200 (43 bytes)
1678953652.867538 sending message 105 to peer 0x55c420fb1200 (50 bytes)
1678953652.867545 sending message 105 to peer 0x55c420fb1200 (43 bytes)
1678953652.867551 sending message 105 to peer 0x55c420fb1200 (40 bytes)
1678953652.867558 sending message 105 to peer 0x55c420fb1200 (16 bytes)
1678953652.867564 sending message 105 to peer 0x55c420fb1200 (14 bytes)
1678953652.867571 sending message 105 to peer 0x55c420fb1200 (38 bytes)
1678953652.867577 sending message 105 to peer 0x55c420fb1200 (49 bytes)
1678953652.867584 sending message 105 to peer 0x55c420fb1200 (33 bytes)
1678953652.867590 sending message 105 to peer 0x55c420fb1200 (17 bytes)
1678953652.867597 sending message 105 to peer 0x55c420fb1200 (17 bytes)
1678953652.867619 sending message 105 to peer 0x55c420fb1200 (1506 bytes)
1678953652.867636 sending message 105 to peer 0x55c420fb1200 (20 bytes)
1678953652.867643 sending message 105 to peer 0x55c420fb1200 (49 bytes)
1678953652.867650 sending message 105 to peer 0x55c420fb1200 (30 bytes)
1678953652.867657 sending message 105 to peer 0x55c420fb1200 (51 bytes)
1678953652.867664 sending message 105 to peer 0x55c420fb1200 (41 bytes)
1678953652.867671 sending message 105 to peer 0x55c420fb1200 (35 bytes)
1678953652.867678 sending message 105 to peer 0x55c420fb1200 (20 bytes)
1678953652.867684 sending message 105 to peer 0x55c420fb1200 (27 bytes)
1678953652.867702 sending message 105 to peer 0x55c420fb1200 (39 bytes)
1678953652.867709 sending message 105 to peer 0x55c420fb1200 (11 bytes)
1678953652.867716 sending message 105 to peer 0x55c420fb1200 (13 bytes)
1678953652.867722 sending message 105 to peer 0x55c420fb1200 (41 bytes)
1678953652.867729 sending message 105 to peer 0x55c420fb1200 (14 bytes)
1678953652.867736 sending message 105 to peer 0x55c420fb1200 (8 bytes)
1678953652.867743 sending message 105 to peer 0x55c420fb1200 (11 bytes)
1678953652.867749 sending message 105 to peer 0x55c420fb1200 (29 bytes)
1678953652.867759 sending message 105 to peer 0x55c420fb1200 (14 bytes)
1678953652.867766 sending message 105 to peer 0x55c420fb1200 (24 bytes)
1678953652.867772 sending message 105 to peer 0x55c420fb1200 (40 bytes)
1678953652.867779 sending message 105 to peer 0x55c420fb1200 (44 bytes)
1678953652.867786 sending message 105 to peer 0x55c420fb1200 (45 bytes)
1678953652.867793 sending message 105 to peer 0x55c420fb1200 (62 bytes)
1678953652.867800 sending message 105 to peer 0x55c420fb1200 (23 bytes)
1678953652.867806 sending message 105 to peer 0x55c420fb1200 (29 bytes)
1678953652.867813 sending message 105 to peer 0x55c420fb1200 (173 bytes)
1678953652.867820 sending message 105 to peer 0x55c420fb1200 (33 bytes)
1678953652.867827 sending message 105 to peer 0x55c420fb1200 (35 bytes)
1678953652.867834 sending message 105 to peer 0x55c420fb1200 (41 bytes)
1678953652.867841 sending message 105 to peer 0x55c420fb1200 (10 bytes)
1678953652.867847 sending message 105 to peer 0x55c420fb1200 (19 bytes)
1678953652.867855 sending message 106 to peer 0x55c420fb1200 (0 bytes)
1678953652.867862 sending message 200 to peer 0x55c420fb1200 (4 bytes)
1678953652.867868 client loop enter
1678953652.868358 peer 0x55c420fb1200 message 211
1678953652.868377 client_write: sessions should be nested with care, unset $TMUX to force\n
1678953652.868390 peer 0x55c420fb1200 message 203
1678953652.868397 client loop exit
